2024-Jul-06 20:46:26 [restartedMain] INFO  c.i.s.SpringRestLoggingApplication                 - Starting SpringRestLoggingApplication using Java 22.0.1 with PID 6100 (D:\Edgeverve PDA\Spring\spring-rest-logging\target\classes started by Ritesh in D:\Edgeverve PDA\Spring\spring-rest-logging)
2024-Jul-06 20:46:26 [restartedMain] INFO  c.i.s.SpringRestLoggingApplication                 - No active profile set, falling back to 1 default profile: "default"
2024-Jul-06 20:46:26 [restartedMain] INFO  o.s.b.d.e.DevToolsPropertyDefaultsPostProcessor    - Devtools property defaults active! Set 'spring.devtools.add-properties' to 'false' to disable
2024-Jul-06 20:46:26 [restartedMain] INFO  o.s.b.d.e.DevToolsPropertyDefaultsPostProcessor    - For additional web related logging consider setting the 'logging.level.web' property to 'DEBUG'
2024-Jul-06 20:46:27 [restartedMain] INFO  o.s.b.w.e.t.TomcatWebServer                        - Tomcat initialized with port 8080 (http)
2024-Jul-06 20:46:27 [restartedMain] INFO  o.a.c.h.Http11NioProtocol                          - Initializing ProtocolHandler ["http-nio-8080"]
2024-Jul-06 20:46:27 [restartedMain] INFO  o.a.c.c.StandardService                            - Starting service [Tomcat]
2024-Jul-06 20:46:27 [restartedMain] INFO  o.a.c.c.StandardEngine                             - Starting Servlet engine: [Apache Tomcat/10.1.25]
2024-Jul-06 20:46:27 [restartedMain] INFO  o.a.c.c.C.[.[.[/]                                  - Initializing Spring embedded WebApplicationContext
2024-Jul-06 20:46:27 [restartedMain] INFO  o.s.b.w.s.c.ServletWebServerApplicationContext     - Root WebApplicationContext: initialization completed in 1539 ms
2024-Jul-06 20:46:28 [restartedMain] WARN  o.s.b.d.a.OptionalLiveReloadServer                 - Unable to start LiveReload server
2024-Jul-06 20:46:28 [restartedMain] INFO  o.a.c.h.Http11NioProtocol                          - Starting ProtocolHandler ["http-nio-8080"]
2024-Jul-06 20:46:28 [restartedMain] INFO  o.s.b.w.e.t.TomcatWebServer                        - Tomcat started on port 8080 (http) with context path '/'
2024-Jul-06 20:46:28 [restartedMain] INFO  c.i.s.SpringRestLoggingApplication                 - Started SpringRestLoggingApplication in 2.683 seconds (process running for 3.707)
2024-Jul-06 20:47:44 [restartedMain] INFO  c.i.s.SpringRestLoggingApplication                 - Starting SpringRestLoggingApplication using Java 22.0.1 with PID 7436 (D:\Edgeverve PDA\Spring\spring-rest-logging\target\classes started by Ritesh in D:\Edgeverve PDA\Spring\spring-rest-logging)
2024-Jul-06 20:47:44 [restartedMain] INFO  c.i.s.SpringRestLoggingApplication                 - No active profile set, falling back to 1 default profile: "default"
2024-Jul-06 20:47:44 [restartedMain] INFO  o.s.b.d.e.DevToolsPropertyDefaultsPostProcessor    - Devtools property defaults active! Set 'spring.devtools.add-properties' to 'false' to disable
2024-Jul-06 20:47:44 [restartedMain] INFO  o.s.b.d.e.DevToolsPropertyDefaultsPostProcessor    - For additional web related logging consider setting the 'logging.level.web' property to 'DEBUG'
2024-Jul-06 20:47:45 [restartedMain] INFO  o.s.b.w.e.t.TomcatWebServer                        - Tomcat initialized with port 8080 (http)
2024-Jul-06 20:47:45 [restartedMain] INFO  o.a.c.h.Http11NioProtocol                          - Initializing ProtocolHandler ["http-nio-8080"]
2024-Jul-06 20:47:45 [restartedMain] INFO  o.a.c.c.StandardService                            - Starting service [Tomcat]
2024-Jul-06 20:47:45 [restartedMain] INFO  o.a.c.c.StandardEngine                             - Starting Servlet engine: [Apache Tomcat/10.1.25]
2024-Jul-06 20:47:45 [restartedMain] INFO  o.a.c.c.C.[.[.[/]                                  - Initializing Spring embedded WebApplicationContext
2024-Jul-06 20:47:45 [restartedMain] INFO  o.s.b.w.s.c.ServletWebServerApplicationContext     - Root WebApplicationContext: initialization completed in 1369 ms
2024-Jul-06 20:47:45 [restartedMain] WARN  o.s.b.d.a.OptionalLiveReloadServer                 - Unable to start LiveReload server
2024-Jul-06 20:47:45 [restartedMain] INFO  o.a.c.h.Http11NioProtocol                          - Starting ProtocolHandler ["http-nio-8080"]
2024-Jul-06 20:47:45 [restartedMain] WARN  o.s.b.w.s.c.AnnotationConfigServletWebServerApplicationContext - Exception encountered during context initialization - cancelling refresh attempt: org.springframework.context.ApplicationContextException: Failed to start bean 'webServerStartStop'
2024-Jul-06 20:47:46 [restartedMain] INFO  o.s.b.a.l.ConditionEvaluationReportLogger          - 

Error starting ApplicationContext. To display the condition evaluation report re-run your application with 'debug' enabled.
2024-Jul-06 20:47:46 [restartedMain] ERROR o.s.b.d.LoggingFailureAnalysisReporter             - 

***************************
APPLICATION FAILED TO START
***************************

Description:

Web server failed to start. Port 8080 was already in use.

Action:

Identify and stop the process that's listening on port 8080 or configure this application to listen on another port.

2024-Jul-06 20:47:57 [restartedMain] INFO  c.i.s.SpringRestLoggingApplication                 - Starting SpringRestLoggingApplication using Java 22.0.1 with PID 3972 (D:\Edgeverve PDA\Spring\spring-rest-logging\target\classes started by Ritesh in D:\Edgeverve PDA\Spring\spring-rest-logging)
2024-Jul-06 20:47:57 [restartedMain] INFO  c.i.s.SpringRestLoggingApplication                 - No active profile set, falling back to 1 default profile: "default"
2024-Jul-06 20:47:57 [restartedMain] INFO  o.s.b.d.e.DevToolsPropertyDefaultsPostProcessor    - Devtools property defaults active! Set 'spring.devtools.add-properties' to 'false' to disable
2024-Jul-06 20:47:57 [restartedMain] INFO  o.s.b.d.e.DevToolsPropertyDefaultsPostProcessor    - For additional web related logging consider setting the 'logging.level.web' property to 'DEBUG'
2024-Jul-06 20:47:58 [restartedMain] INFO  o.s.b.w.e.t.TomcatWebServer                        - Tomcat initialized with port 8080 (http)
2024-Jul-06 20:47:58 [restartedMain] INFO  o.a.c.h.Http11NioProtocol                          - Initializing ProtocolHandler ["http-nio-8080"]
2024-Jul-06 20:47:58 [restartedMain] INFO  o.a.c.c.StandardService                            - Starting service [Tomcat]
2024-Jul-06 20:47:58 [restartedMain] INFO  o.a.c.c.StandardEngine                             - Starting Servlet engine: [Apache Tomcat/10.1.25]
2024-Jul-06 20:47:59 [restartedMain] INFO  o.a.c.c.C.[.[.[/]                                  - Initializing Spring embedded WebApplicationContext
2024-Jul-06 20:47:59 [restartedMain] INFO  o.s.b.w.s.c.ServletWebServerApplicationContext     - Root WebApplicationContext: initialization completed in 1366 ms
2024-Jul-06 20:47:59 [restartedMain] WARN  o.s.b.d.a.OptionalLiveReloadServer                 - Unable to start LiveReload server
2024-Jul-06 20:47:59 [restartedMain] INFO  o.a.c.h.Http11NioProtocol                          - Starting ProtocolHandler ["http-nio-8080"]
2024-Jul-06 20:47:59 [restartedMain] INFO  o.s.b.w.e.t.TomcatWebServer                        - Tomcat started on port 8080 (http) with context path '/'
2024-Jul-06 20:47:59 [restartedMain] INFO  c.i.s.SpringRestLoggingApplication                 - Started SpringRestLoggingApplication in 2.378 seconds (process running for 3.296)
